<?xml version="1.0" encoding="UTF-8"?>
<testng-results ignored="0" total="1" passed="1" failed="0" skipped="0">
  <reporter-output>
  </reporter-output>
  <suite started-at="2023-03-24T21:50:44 IST" name="Suite" finished-at="2023-03-24T21:52:27 IST" duration-ms="102413">
    <groups>
    </groups>
    <test started-at="2023-03-24T21:50:44 IST" name="Test" finished-at="2023-03-24T21:52:27 IST" duration-ms="102413">
      <class name="com.m2.tests.OrangeHRMTests">
        <test-method is-config="true" signature="setUp()[pri:0, instance:com.m2.tests.OrangeHRMTests@6b81ce95]" started-at="2023-03-24T21:50:44 IST" name="setUp" finished-at="2023-03-24T21:52:14 IST" duration-ms="89488" status="PASS">
          <reporter-output>
          </reporter-output>
        </test-method> <!-- setUp -->
        <test-method signature="loginLogougTest()[pri:0, instance:com.m2.tests.OrangeHRMTests@6b81ce95]" started-at="2023-03-24T21:52:14 IST" name="loginLogougTest" finished-at="2023-03-24T21:52:26 IST" duration-ms="12419" status="PASS">
          <reporter-output>
          </reporter-output>
        </test-method> <!-- loginLogougTest -->
        <test-method is-config="true" signature="tearDown()[pri:0, instance:com.m2.tests.OrangeHRMTests@6b81ce95]" started-at="2023-03-24T21:52:26 IST" name="tearDown" finished-at="2023-03-24T21:52:27 IST" duration-ms="416" status="PASS">
          <reporter-output>
          </reporter-output>
        </test-method> <!-- tearDown -->
      </class> <!-- com.m2.tests.OrangeHRMTests -->
    </test> <!-- Test -->
  </suite> <!-- Suite -->
</testng-results>
